<?xml version="1.0" encoding="UTF-8"?>
<testsuites>
  <testsuite name="Web tabs should contains all functionality items" timestamp="2022-02-25T09:44:52" time="10.325" tests="1" failures="1" errors="1" skipped="0">
    <properties>
      <property name="specId" value="0"/>
      <property name="featureName" value="Web tabs should contains all functionality items"/>
      <property name="capabilities" value="chrome.98_0_4758_109.darwin"/>
      <property name="featureFile" value="./src/features/smoke_test/web_app.feature"/>
    </properties>
    <testcase classname="CucumberJUnitReport-chrome.98_0_4758_109.darwin.Web tabs should contains all functionality items" name="Navigate throught tab web pages" time="10.296" file="./src/features/smoke_test/web_app.feature">
      <failure message="Error: element (&quot;//div[@class='tile']&quot;) still not displayed after 10000ms"><![CDATA[Error: element ("//div[@class='tile']") still not displayed after 10000ms
    at /Users/zicury/Documents/SEMA/phoenix/web/e2e-tests/node_modules/webdriverio/build/commands/browser/waitUntil.js:66:23
    at Element.wrapCommandFn (/Users/zicury/Documents/SEMA/phoenix/web/e2e-tests/node_modules/@wdio/utils/build/shim.js:106:29)
    at Element.elementErrorHandlerCallbackFn (/Users/zicury/Documents/SEMA/phoenix/web/e2e-tests/node_modules/webdriverio/build/middlewares.js:24:32)
    at Element.wrapCommandFn (/Users/zicury/Documents/SEMA/phoenix/web/e2e-tests/node_modules/@wdio/utils/build/shim.js:106:29)
    at Element.wrapCommandFn (/Users/zicury/Documents/SEMA/phoenix/web/e2e-tests/node_modules/@wdio/utils/build/shim.js:106:29)
    at Element.elementErrorHandlerCallbackFn (/Users/zicury/Documents/SEMA/phoenix/web/e2e-tests/node_modules/webdriverio/build/middlewares.js:24:32)
    at Element.wrapCommandFn (/Users/zicury/Documents/SEMA/phoenix/web/e2e-tests/node_modules/@wdio/utils/build/shim.js:106:29)
    at World.exports.default (/Users/zicury/Documents/SEMA/phoenix/web/e2e-tests/src/support/action/waitForDisplayed.ts:26:5)]]></failure>
      <error message="Error: element (&quot;//div[@class='tile']&quot;) still not displayed after 10000ms"/>
      <system-out><![CDATA[
✅ When I wait on element "userLogo" for 10000ms to be displayed✅ When I click on the button "reposTab"✅ Then I expect that the url is "/dashboard"✅ And I expect that the title is "Sema Dashboard"✅ When I click on the button "personalInsightsTab"❗ And I expect that element "personalInsightsHeader" becomes displayed⚠️ Then I expect that the url is "/personal-insights"
⚠️ And I expect that the title is "Personal Insights"
⚠️ When I click on the button "snippetsTab"
⚠️ And I expect that element "collectionArea" becomes displayed
⚠️ Then I expect that the url is "/snippets"
⚠️ And I expect that the title is "Snippet Collections"
⚠️ When I click on the button "invitationsTab"
⚠️ And I expect that element "invitesSection" becomes displayed
⚠️ Then I expect that the url is "/invitations"
⚠️ And I expect that the title is "Invites"
⚠️ When I click on the button "supportTab"
⚠️ And I expect that element "supportSection" becomes displayed
⚠️ Then I expect that the url is "/support"
⚠️ And I expect that the title is "Help and Support"
]]></system-out>
      <system-err><![CDATA[
Error: element ("//div[@class='tile']") still not displayed after 10000ms
    at /Users/zicury/Documents/SEMA/phoenix/web/e2e-tests/node_modules/webdriverio/build/commands/browser/waitUntil.js:66:23
    at Element.wrapCommandFn (/Users/zicury/Documents/SEMA/phoenix/web/e2e-tests/node_modules/@wdio/utils/build/shim.js:106:29)
    at Element.elementErrorHandlerCallbackFn (/Users/zicury/Documents/SEMA/phoenix/web/e2e-tests/node_modules/webdriverio/build/middlewares.js:24:32)
    at Element.wrapCommandFn (/Users/zicury/Documents/SEMA/phoenix/web/e2e-tests/node_modules/@wdio/utils/build/shim.js:106:29)
    at Element.wrapCommandFn (/Users/zicury/Documents/SEMA/phoenix/web/e2e-tests/node_modules/@wdio/utils/build/shim.js:106:29)
    at Element.elementErrorHandlerCallbackFn (/Users/zicury/Documents/SEMA/phoenix/web/e2e-tests/node_modules/webdriverio/build/middlewares.js:24:32)
    at Element.wrapCommandFn (/Users/zicury/Documents/SEMA/phoenix/web/e2e-tests/node_modules/@wdio/utils/build/shim.js:106:29)
    at World.exports.default (/Users/zicury/Documents/SEMA/phoenix/web/e2e-tests/src/support/action/waitForDisplayed.ts:26:5)
]]></system-err>
    </testcase>
  </testsuite>
</testsuites>