<?xml version="1.0" encoding="UTF-8"?>
<testsuites>
  <testsuite name="User is able to interact with snippets properly" timestamp="2022-02-25T09:42:56" time="102.963" tests="12" failures="11" errors="11" skipped="0">
    <properties>
      <property name="specId" value="0"/>
      <property name="featureName" value="User is able to interact with snippets properly"/>
      <property name="capabilities" value="chrome.98_0_4758_109.darwin"/>
      <property name="featureFile" value="./src/features/smoke_test/snippets.feature"/>
    </properties>
    <testcase classname="CucumberJUnitReport-chrome.98_0_4758_109.darwin.User is able to interact with snippets properly" name="Snippets collection can be turned on and turned off" time="1.689" file="./src/features/smoke_test/snippets.feature">
      <failure message="Error: expect(received).toHaveLength(expected)"><![CDATA[Error: expect(received).toHaveLength(expected)

Expected length: 1
Received length: 0
Received array:  []
    at exports.default (/Users/zicury/Documents/SEMA/phoenix/web/e2e-tests/src/support/lib/checkIfElementExists.ts:28:30)
    at processTicksAndRejections (node:internal/process/task_queues:96:5)
    at World.exports.default (/Users/zicury/Documents/SEMA/phoenix/web/e2e-tests/src/support/action/getElementText.ts:20:5)]]></failure>
      <error message="Error: expect(received).toHaveLength(expected)"/>
      <system-out><![CDATA[
✅ When I click on the element "snippetsTab"✅ Then I expect that element "collectionArea" becomes displayed✅ When I click on the element "firstInActiveCollectionToggle"✅ Then I expect that element "firstInActiveCollectionName" becomes displayed✅ When I save the name of collection "firstInActiveCollectionName"✅ And I click on the element "firstInActiveCollectionToggle"✅ Then I expect that selected collection element "activeCollectionsNames" is enabled❗ When I save the name of collection "firstActiveCollectionName"⚠️ And I click on the element "firstActiveCollectionToggle"
⚠️ Then I expect that selected collection element "inactiveCollectionsNames" is enabled

]]></system-out>
      <system-err><![CDATA[
Error: expect(received).toHaveLength(expected)

Expected length: 1
Received length: 0
Received array:  []
    at exports.default (/Users/zicury/Documents/SEMA/phoenix/web/e2e-tests/src/support/lib/checkIfElementExists.ts:28:30)
    at processTicksAndRejections (node:internal/process/task_queues:96:5)
    at World.exports.default (/Users/zicury/Documents/SEMA/phoenix/web/e2e-tests/src/support/action/getElementText.ts:20:5)
]]></system-err>
    </testcase>
    <testcase classname="CucumberJUnitReport-chrome.98_0_4758_109.darwin.User is able to interact with snippets properly" name="Adding new snippet to My Snippets collection" time="0.974" file="./src/features/smoke_test/snippets.feature">
      <system-out><![CDATA[
✅ When I click on the element "snippetsTab"✅ Then I expect that element "addNewSnippetBtn" becomes displayed✅ When I click on the element "addNewSnippetBtn"✅ Then I expect that element "newSnippetTitleInput" becomes displayed✅ When I set "Test Snippet" with timestamp to the inputfield "newSnippetTitleInput"✅ And I set "Body text test" to the inputfield "newSnippetBodyInput"✅ Then I expect that element "newSnippetLanguagesInput" becomes displayed✅ When I click on the element "newSnippetLanguagesInput"✅ And I set "Java" to the inputfield "newSnippetLanguagesInput"✅ And I press "Enter"✅ Then I expect that element "newSnippetTagsInput" becomes displayed✅ When I click on the element "newSnippetTagsInput"✅ And I set "Naming" to the inputfield "newSnippetTagsInput"✅ And I press "Enter"✅ Then I expect that element "newSnippetSourceNameInput" becomes displayed✅ And I set "Source name test" to the inputfield "newSnippetSourceNameInput"✅ And I set "http://sourceLinktest.com" to the inputfield "newSnippetSourceLinkInput"✅ Then I expect that element "saveNewSnippetBtn" becomes displayed✅ When I click on the button "saveNewSnippetBtn"✅ Then I expect that new item "allSnippetsNames" is added to snippets
]]></system-out>
    </testcase>
    <testcase classname="CucumberJUnitReport-chrome.98_0_4758_109.darwin.User is able to interact with snippets properly" name="Adding new snippet to already existing collection" time="1.223" file="./src/features/smoke_test/snippets.feature">
      <failure message="Error: expect(received).toBeGreaterThanOrEqual(expected)"><![CDATA[Error: expect(received).toBeGreaterThanOrEqual(expected)

Expected: >= 1
Received:    0
    at exports.default (/Users/zicury/Documents/SEMA/phoenix/web/e2e-tests/src/support/lib/checkIfElementExists.ts:34:37)
    at runMicrotasks (<anonymous>)
    at processTicksAndRejections (node:internal/process/task_queues:96:5)
    at World.exports.default (/Users/zicury/Documents/SEMA/phoenix/web/e2e-tests/src/support/action/clickElement.ts:36:5)]]></failure>
      <error message="Error: expect(received).toBeGreaterThanOrEqual(expected)"/>
      <system-out><![CDATA[
✅ When I click on the element "snippetsTab"✅ Then I expect that element "mySnippetsCollection" becomes displayed✅ When I click on the element "mySnippetsCollection"✅ Then I expect that element "addNewSnippetInCollectionBtn" becomes displayed✅ When I click on the element "addNewSnippetInCollectionBtn"✅ Then I expect that element "newSnippetTitleInput" becomes displayed✅ When I set "Test Snippet in existing collection" with timestamp to the inputfield "newSnippetTitleInput"✅ And I set "Body text test" to the inputfield "newSnippetBodyInput"❗ When I click on the element "newSnippetLanguagesInput"⚠️ And I set "Java" to the inputfield "newSnippetLanguagesInput"
⚠️ And I press "Enter"
⚠️ And I click on the element "newSnippetTagsInput"
⚠️ And I set "Naming" to the inputfield "newSnippetTagsInput"
⚠️ And I press "Enter"
⚠️ And I set "Source name test" to the inputfield "newSnippetSourceNameInput"
⚠️ And I set "https://testSource.com" to the inputfield "newSnippetSourceLinkInput"
⚠️ Then I expect that element "saveNewSnippetBtn" becomes displayed
⚠️ When I click on the button "saveNewSnippetBtn"
⚠️ Then I expect that new item "allSnippetsNames" is added to snippets

]]></system-out>
      <system-err><![CDATA[
Error: expect(received).toBeGreaterThanOrEqual(expected)

Expected: >= 1
Received:    0
    at exports.default (/Users/zicury/Documents/SEMA/phoenix/web/e2e-tests/src/support/lib/checkIfElementExists.ts:34:37)
    at runMicrotasks (<anonymous>)
    at processTicksAndRejections (node:internal/process/task_queues:96:5)
    at World.exports.default (/Users/zicury/Documents/SEMA/phoenix/web/e2e-tests/src/support/action/clickElement.ts:36:5)
]]></system-err>
    </testcase>
    <testcase classname="CucumberJUnitReport-chrome.98_0_4758_109.darwin.User is able to interact with snippets properly" name="Search for existing snippet works" time="10.076" file="./src/features/smoke_test/snippets.feature">
      <failure message="Error: element (&quot;//p[text()='Philosophies']&quot;) still not displayed after 10000ms"><![CDATA[Error: element ("//p[text()='Philosophies']") still not displayed after 10000ms
    at /Users/zicury/Documents/SEMA/phoenix/web/e2e-tests/node_modules/webdriverio/build/commands/browser/waitUntil.js:66:23
    at Element.wrapCommandFn (/Users/zicury/Documents/SEMA/phoenix/web/e2e-tests/node_modules/@wdio/utils/build/shim.js:106:29)
    at Element.elementErrorHandlerCallbackFn (/Users/zicury/Documents/SEMA/phoenix/web/e2e-tests/node_modules/webdriverio/build/middlewares.js:24:32)
    at Element.wrapCommandFn (/Users/zicury/Documents/SEMA/phoenix/web/e2e-tests/node_modules/@wdio/utils/build/shim.js:106:29)
    at Element.wrapCommandFn (/Users/zicury/Documents/SEMA/phoenix/web/e2e-tests/node_modules/@wdio/utils/build/shim.js:106:29)
    at Element.elementErrorHandlerCallbackFn (/Users/zicury/Documents/SEMA/phoenix/web/e2e-tests/node_modules/webdriverio/build/middlewares.js:24:32)
    at Element.wrapCommandFn (/Users/zicury/Documents/SEMA/phoenix/web/e2e-tests/node_modules/@wdio/utils/build/shim.js:106:29)
    at World.exports.default (/Users/zicury/Documents/SEMA/phoenix/web/e2e-tests/src/support/action/waitForDisplayed.ts:26:5)]]></failure>
      <error message="Error: element (&quot;//p[text()='Philosophies']&quot;) still not displayed after 10000ms"/>
      <system-out><![CDATA[
✅ When I click on the element "snippetsTab"❗ Then I expect that element "philosophiesCollection" becomes displayed⚠️ When I click on the element "philosophiesCollection"
⚠️ Then I expect that element "searchedSnippetsResult" becomes displayed
⚠️ And I expect that element "searchedSnippetsResult" does appear exactly "10" times
⚠️ When I set "log" to the inputfield "searchSnippetInput"
⚠️ Then I expect that element "searchedSnippetsResult" does appear exactly "5" times
⚠️ When I select the option with the value "Practices" for element "searchSnippetTagInput"
⚠️ Then I expect that element "searchedSnippetsResult" does appear exactly "3" times
⚠️ When I select the option with the value "Go" for element "searchSnippetLanguageInput"
⚠️ Then I expect that element "searchedSnippetsResult" is not displayed
⚠️ When I clear the inputfield "searchSnippetInput"
⚠️ And I set "enf" to the inputfield "searchSnippetInput"
⚠️ And I select the option with the value "Strategic" for element "searchSnippetTagInput"
⚠️ And I select the option with the value "All" for element "searchSnippetLanguageInput"
⚠️ Then I expect that element "searchedSnippetsResult" does appear exactly "1" times
⚠️ When I click on the element "clearSearchResultBtn"
⚠️ And I select the option with the value "Individual" for element "searchSnippetTagInput"
⚠️ And I select the option with the value "All" for element "searchSnippetLanguageInput"
⚠️ Then I expect that element "searchedSnippetsResult" does appear exactly "2" times
⚠️ When I select the option with the text "Label" for element "searchSnippetTagInput"
⚠️ And I select the option with the value "All" for element "searchSnippetLanguageInput"
⚠️ Then I expect that element "searchedSnippetsResult" does appear exactly "10" times
⚠️ And I expect that element "viewMoreBtn" becomes displayed
⚠️ When I select the option with the value "Team" for element "searchSnippetTagInput"
⚠️ And I select the option with the text "Language" for element "searchSnippetLanguageInput"
⚠️ Then I expect that element "searchedSnippetsResult" does appear exactly "5" times
⚠️ And I expect that element "viewMoreBtn" is not displayed
⚠️ When I click on the element "clearSearchResultBtn"
⚠️ Then I expect that element "searchedSnippetsResult" does appear exactly "10" times
⚠️ And I expect that element "viewMoreBtn" becomes displayed
⚠️ And I expect that element "clearSearchResultBtn" is not displayed

]]></system-out>
      <system-err><![CDATA[
Error: element ("//p[text()='Philosophies']") still not displayed after 10000ms
    at /Users/zicury/Documents/SEMA/phoenix/web/e2e-tests/node_modules/webdriverio/build/commands/browser/waitUntil.js:66:23
    at Element.wrapCommandFn (/Users/zicury/Documents/SEMA/phoenix/web/e2e-tests/node_modules/@wdio/utils/build/shim.js:106:29)
    at Element.elementErrorHandlerCallbackFn (/Users/zicury/Documents/SEMA/phoenix/web/e2e-tests/node_modules/webdriverio/build/middlewares.js:24:32)
    at Element.wrapCommandFn (/Users/zicury/Documents/SEMA/phoenix/web/e2e-tests/node_modules/@wdio/utils/build/shim.js:106:29)
    at Element.wrapCommandFn (/Users/zicury/Documents/SEMA/phoenix/web/e2e-tests/node_modules/@wdio/utils/build/shim.js:106:29)
    at Element.elementErrorHandlerCallbackFn (/Users/zicury/Documents/SEMA/phoenix/web/e2e-tests/node_modules/webdriverio/build/middlewares.js:24:32)
    at Element.wrapCommandFn (/Users/zicury/Documents/SEMA/phoenix/web/e2e-tests/node_modules/@wdio/utils/build/shim.js:106:29)
    at World.exports.default (/Users/zicury/Documents/SEMA/phoenix/web/e2e-tests/src/support/action/waitForDisplayed.ts:26:5)
]]></system-err>
    </testcase>
    <testcase classname="CucumberJUnitReport-chrome.98_0_4758_109.darwin.User is able to interact with snippets properly" name="Return back to collections from snippets" time="10.034" file="./src/features/smoke_test/snippets.feature">
      <failure message="Error: element (&quot;//p[text()='Philosophies']&quot;) still not displayed after 10000ms"><![CDATA[Error: element ("//p[text()='Philosophies']") still not displayed after 10000ms
    at /Users/zicury/Documents/SEMA/phoenix/web/e2e-tests/node_modules/webdriverio/build/commands/browser/waitUntil.js:66:23
    at Element.wrapCommandFn (/Users/zicury/Documents/SEMA/phoenix/web/e2e-tests/node_modules/@wdio/utils/build/shim.js:106:29)
    at Element.elementErrorHandlerCallbackFn (/Users/zicury/Documents/SEMA/phoenix/web/e2e-tests/node_modules/webdriverio/build/middlewares.js:24:32)
    at Element.wrapCommandFn (/Users/zicury/Documents/SEMA/phoenix/web/e2e-tests/node_modules/@wdio/utils/build/shim.js:106:29)
    at Element.wrapCommandFn (/Users/zicury/Documents/SEMA/phoenix/web/e2e-tests/node_modules/@wdio/utils/build/shim.js:106:29)
    at Element.elementErrorHandlerCallbackFn (/Users/zicury/Documents/SEMA/phoenix/web/e2e-tests/node_modules/webdriverio/build/middlewares.js:24:32)
    at Element.wrapCommandFn (/Users/zicury/Documents/SEMA/phoenix/web/e2e-tests/node_modules/@wdio/utils/build/shim.js:106:29)
    at World.exports.default (/Users/zicury/Documents/SEMA/phoenix/web/e2e-tests/src/support/action/waitForDisplayed.ts:26:5)]]></failure>
      <error message="Error: element (&quot;//p[text()='Philosophies']&quot;) still not displayed after 10000ms"/>
      <system-out><![CDATA[
✅ When I click on the element "snippetsTab"❗ Then I expect that element "philosophiesCollection" becomes displayed⚠️ When I click on the element "philosophiesCollection"
⚠️ Then I expect that element "arrowBackBtn" becomes displayed
⚠️ When I click on the element "arrowBackBtn"
⚠️ Then I expect that element "philosophiesCollection" becomes displayed
⚠️ When I click on the element "philosophiesCollection"
⚠️ Then I expect that element "snippetsLibraryLinkBtn" becomes displayed
⚠️ When I click on the element "snippetsLibraryLinkBtn"
⚠️ Then I expect that element "arrowBackBtn" is not displayed
]]></system-out>
      <system-err><![CDATA[
Error: element ("//p[text()='Philosophies']") still not displayed after 10000ms
    at /Users/zicury/Documents/SEMA/phoenix/web/e2e-tests/node_modules/webdriverio/build/commands/browser/waitUntil.js:66:23
    at Element.wrapCommandFn (/Users/zicury/Documents/SEMA/phoenix/web/e2e-tests/node_modules/@wdio/utils/build/shim.js:106:29)
    at Element.elementErrorHandlerCallbackFn (/Users/zicury/Documents/SEMA/phoenix/web/e2e-tests/node_modules/webdriverio/build/middlewares.js:24:32)
    at Element.wrapCommandFn (/Users/zicury/Documents/SEMA/phoenix/web/e2e-tests/node_modules/@wdio/utils/build/shim.js:106:29)
    at Element.wrapCommandFn (/Users/zicury/Documents/SEMA/phoenix/web/e2e-tests/node_modules/@wdio/utils/build/shim.js:106:29)
    at Element.elementErrorHandlerCallbackFn (/Users/zicury/Documents/SEMA/phoenix/web/e2e-tests/node_modules/webdriverio/build/middlewares.js:24:32)
    at Element.wrapCommandFn (/Users/zicury/Documents/SEMA/phoenix/web/e2e-tests/node_modules/@wdio/utils/build/shim.js:106:29)
    at World.exports.default (/Users/zicury/Documents/SEMA/phoenix/web/e2e-tests/src/support/action/waitForDisplayed.ts:26:5)
]]></system-err>
    </testcase>
    <testcase classname="CucumberJUnitReport-chrome.98_0_4758_109.darwin.User is able to interact with snippets properly" name="Adding new snippet collection" time="10.753" file="./src/features/smoke_test/snippets.feature">
      <failure message="Error: element (&quot;//input[@name='name']&quot;) still not displayed after 10000ms"><![CDATA[Error: element ("//input[@name='name']") still not displayed after 10000ms
    at /Users/zicury/Documents/SEMA/phoenix/web/e2e-tests/node_modules/webdriverio/build/commands/browser/waitUntil.js:66:23
    at Element.wrapCommandFn (/Users/zicury/Documents/SEMA/phoenix/web/e2e-tests/node_modules/@wdio/utils/build/shim.js:106:29)
    at Element.elementErrorHandlerCallbackFn (/Users/zicury/Documents/SEMA/phoenix/web/e2e-tests/node_modules/webdriverio/build/middlewares.js:24:32)
    at Element.wrapCommandFn (/Users/zicury/Documents/SEMA/phoenix/web/e2e-tests/node_modules/@wdio/utils/build/shim.js:106:29)
    at Element.wrapCommandFn (/Users/zicury/Documents/SEMA/phoenix/web/e2e-tests/node_modules/@wdio/utils/build/shim.js:106:29)
    at Element.elementErrorHandlerCallbackFn (/Users/zicury/Documents/SEMA/phoenix/web/e2e-tests/node_modules/webdriverio/build/middlewares.js:24:32)
    at Element.wrapCommandFn (/Users/zicury/Documents/SEMA/phoenix/web/e2e-tests/node_modules/@wdio/utils/build/shim.js:106:29)
    at World.exports.default (/Users/zicury/Documents/SEMA/phoenix/web/e2e-tests/src/support/action/waitForDisplayed.ts:26:5)]]></failure>
      <error message="Error: element (&quot;//input[@name='name']&quot;) still not displayed after 10000ms"/>
      <system-out><![CDATA[
✅ When I click on the element "userLogo"✅ When I click on the element "semaCorporateTeamLogo"✅ When I click on the element "snippetsTab"✅ Then I expect that element "addNewCollectionBtn" becomes displayed✅ When I click on the element "addNewCollectionBtn"❗ Then I expect that element "newCollectionTitleInput" becomes displayed⚠️ When I set "Test Collection" with timestamp to the inputfield "newCollectionTitleInput"
⚠️ When I click on the element "newCollectionLanguagesInput"
⚠️ And I set "Type" to the inputfield "newCollectionLanguagesInput"
⚠️ Then I expect that element "firstOptionForLanguagesInput" becomes displayed
⚠️ When I press "Enter"
⚠️ Then I expect that element "newCollectionOtherLabelInput" becomes displayed
⚠️ When I click on the element "newCollectionOtherLabelInput"
⚠️ And I set "Syntax" to the inputfield "newCollectionOtherLabelInput"
⚠️ Then I expect that element "firstOptionForOtherLabelInput" becomes displayed
⚠️ When I press "Enter"
⚠️ And I set "test author name" to the inputfield "newCollectionAuthorInput"
⚠️ And I set "Source name test" to the inputfield "newCollectionSourceNameInput"
⚠️ And I set "https://testSource.com" to the inputfield "newCollectionSourceLinkInput"
⚠️ When I set "Body text test" to the inputfield "newCollectionDescriptionInput"
⚠️ Then I expect that element "saveNewCollectionBtn" becomes displayed
⚠️ When I click on the button "saveNewCollectionBtn"
⚠️ Then I expect that new item "allCollectionsNames" is added to collections

]]></system-out>
      <system-err><![CDATA[
Error: element ("//input[@name='name']") still not displayed after 10000ms
    at /Users/zicury/Documents/SEMA/phoenix/web/e2e-tests/node_modules/webdriverio/build/commands/browser/waitUntil.js:66:23
    at Element.wrapCommandFn (/Users/zicury/Documents/SEMA/phoenix/web/e2e-tests/node_modules/@wdio/utils/build/shim.js:106:29)
    at Element.elementErrorHandlerCallbackFn (/Users/zicury/Documents/SEMA/phoenix/web/e2e-tests/node_modules/webdriverio/build/middlewares.js:24:32)
    at Element.wrapCommandFn (/Users/zicury/Documents/SEMA/phoenix/web/e2e-tests/node_modules/@wdio/utils/build/shim.js:106:29)
    at Element.wrapCommandFn (/Users/zicury/Documents/SEMA/phoenix/web/e2e-tests/node_modules/@wdio/utils/build/shim.js:106:29)
    at Element.elementErrorHandlerCallbackFn (/Users/zicury/Documents/SEMA/phoenix/web/e2e-tests/node_modules/webdriverio/build/middlewares.js:24:32)
    at Element.wrapCommandFn (/Users/zicury/Documents/SEMA/phoenix/web/e2e-tests/node_modules/@wdio/utils/build/shim.js:106:29)
    at World.exports.default (/Users/zicury/Documents/SEMA/phoenix/web/e2e-tests/src/support/action/waitForDisplayed.ts:26:5)
]]></system-err>
    </testcase>
    <testcase classname="CucumberJUnitReport-chrome.98_0_4758_109.darwin.User is able to interact with snippets properly" name="View more snippets shows" time="10.065" file="./src/features/smoke_test/snippets.feature">
      <failure message="Error: element (&quot;//p[text()='Philosophies']&quot;) still not displayed after 10000ms"><![CDATA[Error: element ("//p[text()='Philosophies']") still not displayed after 10000ms
    at /Users/zicury/Documents/SEMA/phoenix/web/e2e-tests/node_modules/webdriverio/build/commands/browser/waitUntil.js:66:23
    at Element.wrapCommandFn (/Users/zicury/Documents/SEMA/phoenix/web/e2e-tests/node_modules/@wdio/utils/build/shim.js:106:29)
    at Element.elementErrorHandlerCallbackFn (/Users/zicury/Documents/SEMA/phoenix/web/e2e-tests/node_modules/webdriverio/build/middlewares.js:24:32)
    at Element.wrapCommandFn (/Users/zicury/Documents/SEMA/phoenix/web/e2e-tests/node_modules/@wdio/utils/build/shim.js:106:29)
    at Element.wrapCommandFn (/Users/zicury/Documents/SEMA/phoenix/web/e2e-tests/node_modules/@wdio/utils/build/shim.js:106:29)
    at Element.elementErrorHandlerCallbackFn (/Users/zicury/Documents/SEMA/phoenix/web/e2e-tests/node_modules/webdriverio/build/middlewares.js:24:32)
    at Element.wrapCommandFn (/Users/zicury/Documents/SEMA/phoenix/web/e2e-tests/node_modules/@wdio/utils/build/shim.js:106:29)
    at World.exports.default (/Users/zicury/Documents/SEMA/phoenix/web/e2e-tests/src/support/action/waitForDisplayed.ts:26:5)]]></failure>
      <error message="Error: element (&quot;//p[text()='Philosophies']&quot;) still not displayed after 10000ms"/>
      <system-out><![CDATA[
✅ When I click on the element "snippetsTab"❗ Then I expect that element "philosophiesCollection" becomes displayed⚠️ When I click on the element "philosophiesCollection"
⚠️ Then I expect that element "viewMoreBtn" becomes displayed
⚠️ And I expect that element "searchedSnippetsResult" does appear exactly "10" times
⚠️ When I click on the element "viewMoreBtn"
⚠️ Then I expect that element "searchedSnippetsResult" does appear exactly "20" times

]]></system-out>
      <system-err><![CDATA[
Error: element ("//p[text()='Philosophies']") still not displayed after 10000ms
    at /Users/zicury/Documents/SEMA/phoenix/web/e2e-tests/node_modules/webdriverio/build/commands/browser/waitUntil.js:66:23
    at Element.wrapCommandFn (/Users/zicury/Documents/SEMA/phoenix/web/e2e-tests/node_modules/@wdio/utils/build/shim.js:106:29)
    at Element.elementErrorHandlerCallbackFn (/Users/zicury/Documents/SEMA/phoenix/web/e2e-tests/node_modules/webdriverio/build/middlewares.js:24:32)
    at Element.wrapCommandFn (/Users/zicury/Documents/SEMA/phoenix/web/e2e-tests/node_modules/@wdio/utils/build/shim.js:106:29)
    at Element.wrapCommandFn (/Users/zicury/Documents/SEMA/phoenix/web/e2e-tests/node_modules/@wdio/utils/build/shim.js:106:29)
    at Element.elementErrorHandlerCallbackFn (/Users/zicury/Documents/SEMA/phoenix/web/e2e-tests/node_modules/webdriverio/build/middlewares.js:24:32)
    at Element.wrapCommandFn (/Users/zicury/Documents/SEMA/phoenix/web/e2e-tests/node_modules/@wdio/utils/build/shim.js:106:29)
    at World.exports.default (/Users/zicury/Documents/SEMA/phoenix/web/e2e-tests/src/support/action/waitForDisplayed.ts:26:5)
]]></system-err>
    </testcase>
    <testcase classname="CucumberJUnitReport-chrome.98_0_4758_109.darwin.User is able to interact with snippets properly" name="The default tags for collection is added to snippet" time="12.088" file="./src/features/smoke_test/snippets.feature">
      <failure message="Error: element (&quot;//input[@name='name']&quot;) still not displayed after 10000ms"><![CDATA[Error: element ("//input[@name='name']") still not displayed after 10000ms
    at /Users/zicury/Documents/SEMA/phoenix/web/e2e-tests/node_modules/webdriverio/build/commands/browser/waitUntil.js:66:23
    at Element.wrapCommandFn (/Users/zicury/Documents/SEMA/phoenix/web/e2e-tests/node_modules/@wdio/utils/build/shim.js:106:29)
    at Element.elementErrorHandlerCallbackFn (/Users/zicury/Documents/SEMA/phoenix/web/e2e-tests/node_modules/webdriverio/build/middlewares.js:24:32)
    at Element.wrapCommandFn (/Users/zicury/Documents/SEMA/phoenix/web/e2e-tests/node_modules/@wdio/utils/build/shim.js:106:29)
    at Element.wrapCommandFn (/Users/zicury/Documents/SEMA/phoenix/web/e2e-tests/node_modules/@wdio/utils/build/shim.js:106:29)
    at Element.elementErrorHandlerCallbackFn (/Users/zicury/Documents/SEMA/phoenix/web/e2e-tests/node_modules/webdriverio/build/middlewares.js:24:32)
    at Element.wrapCommandFn (/Users/zicury/Documents/SEMA/phoenix/web/e2e-tests/node_modules/@wdio/utils/build/shim.js:106:29)
    at World.exports.default (/Users/zicury/Documents/SEMA/phoenix/web/e2e-tests/src/support/action/waitForDisplayed.ts:26:5)]]></failure>
      <error message="Error: element (&quot;//input[@name='name']&quot;) still not displayed after 10000ms"/>
      <system-out><![CDATA[
✅ Then I expect that element "userLogo" becomes displayed✅ When I click on the element "userLogo"✅ Then I expect that element "semaCorporateTeamLogo" becomes displayed✅ When I click on the element "semaCorporateTeamLogo"✅ Then I expect that element "snippetsTab" becomes displayed✅ When I click on the element "snippetsTab"✅ Then I expect that element "addNewCollectionBtn" becomes displayed✅ When I click on the element "addNewCollectionBtn"❗ Then I expect that element "newCollectionTitleInput" becomes displayed⚠️ When I set "Test Collection FOR TAGS " with timestamp to the inputfield "newCollectionTitleInput"
⚠️ And I set "This collection is for creating snippets with same tag in as here" to the inputfield "newCollectionDescriptionInput"
⚠️ And I set "Source name test" to the inputfield "newCollectionSourceNameInput"
⚠️ And I set "https://testSource.com" to the inputfield "newCollectionSourceLinkInput"
⚠️ And I set "test author name" to the inputfield "newCollectionAuthorInput"
⚠️ Then I expect that element "newCollectionLanguagesInput" becomes displayed
⚠️ When I click on the element "newCollectionLanguagesInput"
⚠️ And I set "Type" to the inputfield "newCollectionLanguagesInput"
⚠️ Then I expect that element "firstOptionForLanguagesInput" becomes displayed
⚠️ When I press "Enter"
⚠️ Then I expect that element "newCollectionTitleInput" becomes displayed
⚠️ When I click on the element "newCollectionTitleInput"
⚠️ And I set "Leadership" to the inputfield "newCollectionOtherLabelInput"
⚠️ Then I expect that element "firstOptionForOtherLabelInput" becomes displayed
⚠️ When I press "Enter"
⚠️ And I click on the button "saveNewCollectionBtn"
⚠️ Then I expect that element "searchCollectionInput" becomes displayed
⚠️ When I search created collection "searchCollectionInput"
⚠️ Then I expect that element "firstInActiveCollectionName" becomes displayed
⚠️ And I click on the element "firstInActiveCollectionName"
⚠️ Then I expect that element "addNewSnippetInCollectionBtn" becomes displayed
⚠️ When I click on the element "addNewSnippetInCollectionBtn"
⚠️ Then I expect that element "selectedLeadershipTag" becomes displayed
⚠️ And I expect that element "selectedTypeScriptLanguage" becomes displayed
⚠️ When I set "Test Snippet with default tags " with timestamp to the inputfield "newSnippetTitleInput"
⚠️ And I set "default tags" to the inputfield "newSnippetBodyInput"
⚠️ And I set "https://testSource.com" to the inputfield "newSnippetSourceLinkInput"
⚠️ And I click on the button "saveNewSnippetBtn"
⚠️ Then I expect that element "allSnippetsNames" becomes displayed
⚠️ When I search created snippet "searchSnippetInput"
⚠️ Then I expect that element "searchedSnippetsResult" does appear exactly "1" times
⚠️ And I expect that element "snippetsLanguage" matches the text "Leadership"
⚠️ And I expect that element "snippetsLabel" matches the text "TypeScript"

]]></system-out>
      <system-err><![CDATA[
Error: element ("//input[@name='name']") still not displayed after 10000ms
    at /Users/zicury/Documents/SEMA/phoenix/web/e2e-tests/node_modules/webdriverio/build/commands/browser/waitUntil.js:66:23
    at Element.wrapCommandFn (/Users/zicury/Documents/SEMA/phoenix/web/e2e-tests/node_modules/@wdio/utils/build/shim.js:106:29)
    at Element.elementErrorHandlerCallbackFn (/Users/zicury/Documents/SEMA/phoenix/web/e2e-tests/node_modules/webdriverio/build/middlewares.js:24:32)
    at Element.wrapCommandFn (/Users/zicury/Documents/SEMA/phoenix/web/e2e-tests/node_modules/@wdio/utils/build/shim.js:106:29)
    at Element.wrapCommandFn (/Users/zicury/Documents/SEMA/phoenix/web/e2e-tests/node_modules/@wdio/utils/build/shim.js:106:29)
    at Element.elementErrorHandlerCallbackFn (/Users/zicury/Documents/SEMA/phoenix/web/e2e-tests/node_modules/webdriverio/build/middlewares.js:24:32)
    at Element.wrapCommandFn (/Users/zicury/Documents/SEMA/phoenix/web/e2e-tests/node_modules/@wdio/utils/build/shim.js:106:29)
    at World.exports.default (/Users/zicury/Documents/SEMA/phoenix/web/e2e-tests/src/support/action/waitForDisplayed.ts:26:5)
]]></system-err>
    </testcase>
    <testcase classname="CucumberJUnitReport-chrome.98_0_4758_109.darwin.User is able to interact with snippets properly" name="Field validation for creating collection" time="11.333" file="./src/features/smoke_test/snippets.feature">
      <failure message="Error: element (&quot;//input[@name='name']&quot;) still not displayed after 10000ms"><![CDATA[Error: element ("//input[@name='name']") still not displayed after 10000ms
    at /Users/zicury/Documents/SEMA/phoenix/web/e2e-tests/node_modules/webdriverio/build/commands/browser/waitUntil.js:66:23
    at Element.wrapCommandFn (/Users/zicury/Documents/SEMA/phoenix/web/e2e-tests/node_modules/@wdio/utils/build/shim.js:106:29)
    at Element.elementErrorHandlerCallbackFn (/Users/zicury/Documents/SEMA/phoenix/web/e2e-tests/node_modules/webdriverio/build/middlewares.js:24:32)
    at Element.wrapCommandFn (/Users/zicury/Documents/SEMA/phoenix/web/e2e-tests/node_modules/@wdio/utils/build/shim.js:106:29)
    at Element.wrapCommandFn (/Users/zicury/Documents/SEMA/phoenix/web/e2e-tests/node_modules/@wdio/utils/build/shim.js:106:29)
    at Element.elementErrorHandlerCallbackFn (/Users/zicury/Documents/SEMA/phoenix/web/e2e-tests/node_modules/webdriverio/build/middlewares.js:24:32)
    at Element.wrapCommandFn (/Users/zicury/Documents/SEMA/phoenix/web/e2e-tests/node_modules/@wdio/utils/build/shim.js:106:29)
    at World.exports.default (/Users/zicury/Documents/SEMA/phoenix/web/e2e-tests/src/support/action/waitForDisplayed.ts:26:5)]]></failure>
      <error message="Error: element (&quot;//input[@name='name']&quot;) still not displayed after 10000ms"/>
      <system-out><![CDATA[
✅ When I click on the element "userLogo"✅ When I click on the element "semaCorporateTeamLogo"✅ When I click on the element "snippetsTab"✅ Then I expect that element "addNewCollectionBtn" becomes displayed✅ When I click on the element "addNewCollectionBtn"❗ Then I expect that element "newCollectionTitleInput" becomes displayed⚠️ And I expect that element "saveNewCollectionBtn" becomes displayed
⚠️ When I click on the button "saveNewCollectionBtn"
⚠️ Then I expect that element "snippetCollectionTitleError" becomes displayed
⚠️ And I expect that element "snippetCollectionTitleError" matches the text "Title is required"
⚠️ And I expect that element "snippetCollectionLanguageError" matches the text "At least one tag is required"
⚠️ And I expect that element "snippetCollectionOtherError" matches the text "At least one tag is required"
⚠️ And I expect that element "snippetCollectionAuthorError" matches the text "Author is required"
⚠️ And I expect that element "snippetCollectionSourceNameError" matches the text "Source name is required"
⚠️ And I expect that element "snippetCollectionLinkError" matches the text "Source link is required"
⚠️ When I set "Test Collection" with timestamp to the inputfield "newCollectionTitleInput"
⚠️ When I click on the element "newCollectionLanguagesInput"
⚠️ And I set "java" to the inputfield "newCollectionLanguagesInput"
⚠️ Then I expect that element "firstOptionForLanguagesInput" becomes displayed
⚠️ When I press "Enter"
⚠️ Then I expect that element "newCollectionOtherLabelInput" becomes displayed
⚠️ When I click on the element "newCollectionOtherLabelInput"
⚠️ And I set "Syntax" to the inputfield "newCollectionOtherLabelInput"
⚠️ Then I expect that element "firstOptionForOtherLabelInput" becomes displayed
⚠️ When I press "Enter"
⚠️ And I set "test author name" to the inputfield "newCollectionAuthorInput"
⚠️ And I set "Source name test" to the inputfield "newCollectionSourceNameInput"
⚠️ And I set "invalid url text" to the inputfield "newCollectionSourceLinkInput"
⚠️ Then I expect that element "snippetCollectionTitleError" becomes not displayed
⚠️ And I expect that element "snippetCollectionLanguageError" becomes not displayed
⚠️ And I expect that element "snippetCollectionOtherError" becomes not displayed
⚠️ And I expect that element "snippetCollectionAuthorError" becomes not displayed
⚠️ And I expect that element "snippetCollectionSourceNameError" becomes not displayed
⚠️ And I expect that element "snippetCollectionLinkError" matches the text "Invalid URL"
⚠️ When I set "https://testSource.com" to the inputfield "newSnippetSourceLinkInput"
⚠️ Then I expect that element "snippetCollectionLinkError" becomes not displayed
]]></system-out>
      <system-err><![CDATA[
Error: element ("//input[@name='name']") still not displayed after 10000ms
    at /Users/zicury/Documents/SEMA/phoenix/web/e2e-tests/node_modules/webdriverio/build/commands/browser/waitUntil.js:66:23
    at Element.wrapCommandFn (/Users/zicury/Documents/SEMA/phoenix/web/e2e-tests/node_modules/@wdio/utils/build/shim.js:106:29)
    at Element.elementErrorHandlerCallbackFn (/Users/zicury/Documents/SEMA/phoenix/web/e2e-tests/node_modules/webdriverio/build/middlewares.js:24:32)
    at Element.wrapCommandFn (/Users/zicury/Documents/SEMA/phoenix/web/e2e-tests/node_modules/@wdio/utils/build/shim.js:106:29)
    at Element.wrapCommandFn (/Users/zicury/Documents/SEMA/phoenix/web/e2e-tests/node_modules/@wdio/utils/build/shim.js:106:29)
    at Element.elementErrorHandlerCallbackFn (/Users/zicury/Documents/SEMA/phoenix/web/e2e-tests/node_modules/webdriverio/build/middlewares.js:24:32)
    at Element.wrapCommandFn (/Users/zicury/Documents/SEMA/phoenix/web/e2e-tests/node_modules/@wdio/utils/build/shim.js:106:29)
    at World.exports.default (/Users/zicury/Documents/SEMA/phoenix/web/e2e-tests/src/support/action/waitForDisplayed.ts:26:5)
]]></system-err>
    </testcase>
    <testcase classname="CucumberJUnitReport-chrome.98_0_4758_109.darwin.User is able to interact with snippets properly" name="Populate this collection to all users checkbox is marked" time="11.48" file="./src/features/smoke_test/snippets.feature">
      <failure message="Error: element (&quot;//input[@name='name']&quot;) still not displayed after 10000ms"><![CDATA[Error: element ("//input[@name='name']") still not displayed after 10000ms
    at /Users/zicury/Documents/SEMA/phoenix/web/e2e-tests/node_modules/webdriverio/build/commands/browser/waitUntil.js:66:23
    at Element.wrapCommandFn (/Users/zicury/Documents/SEMA/phoenix/web/e2e-tests/node_modules/@wdio/utils/build/shim.js:106:29)
    at Element.elementErrorHandlerCallbackFn (/Users/zicury/Documents/SEMA/phoenix/web/e2e-tests/node_modules/webdriverio/build/middlewares.js:24:32)
    at Element.wrapCommandFn (/Users/zicury/Documents/SEMA/phoenix/web/e2e-tests/node_modules/@wdio/utils/build/shim.js:106:29)
    at Element.wrapCommandFn (/Users/zicury/Documents/SEMA/phoenix/web/e2e-tests/node_modules/@wdio/utils/build/shim.js:106:29)
    at Element.elementErrorHandlerCallbackFn (/Users/zicury/Documents/SEMA/phoenix/web/e2e-tests/node_modules/webdriverio/build/middlewares.js:24:32)
    at Element.wrapCommandFn (/Users/zicury/Documents/SEMA/phoenix/web/e2e-tests/node_modules/@wdio/utils/build/shim.js:106:29)
    at World.exports.default (/Users/zicury/Documents/SEMA/phoenix/web/e2e-tests/src/support/action/waitForDisplayed.ts:26:5)]]></failure>
      <error message="Error: element (&quot;//input[@name='name']&quot;) still not displayed after 10000ms"/>
      <system-out><![CDATA[
✅ When I click on the element "userLogo"✅ Then I expect that element "semaCorporateTeamLogo" becomes displayed✅ When I click on the element "semaCorporateTeamLogo"✅ When I click on the element "snippetsTab"✅ Then I expect that element "addNewCollectionBtn" becomes displayed✅ When I click on the element "addNewCollectionBtn"❗ Then I expect that element "newCollectionTitleInput" becomes displayed⚠️ When I set "Test Collection with marked" with timestamp to the inputfield "newCollectionTitleInput"
⚠️ When I click on the element "newCollectionLanguagesInput"
⚠️ And I set "java" to the inputfield "newCollectionLanguagesInput"
⚠️ Then I expect that element "firstOptionForLanguagesInput" becomes displayed
⚠️ When I press "Enter"
⚠️ Then I expect that element "newCollectionOtherLabelInput" becomes displayed
⚠️ When I click on the element "newCollectionOtherLabelInput"
⚠️ And I set "Syntax" to the inputfield "newCollectionOtherLabelInput"
⚠️ Then I expect that element "firstOptionForOtherLabelInput" becomes displayed
⚠️ When I press "Enter"
⚠️ And I set "test author name" to the inputfield "newCollectionAuthorInput"
⚠️ And I set "Source name test" to the inputfield "newCollectionSourceNameInput"
⚠️ And I set "https://testSource.com" to the inputfield "newCollectionSourceLinkInput"
⚠️ When I set "Body text test" to the inputfield "newCollectionDescriptionInput"
⚠️ Then I expect that checkbox "newCollectionPopulateCheckBox" is checked
⚠️ Then I expect that element "saveNewCollectionBtn" becomes displayed
⚠️ When I click on the button "saveNewCollectionBtn"
⚠️ Then I expect that new item "allCollectionsNames" is added to collections
⚠️ When I click on the element "userLogo"
⚠️ Then I expect that element "signOutBtn" becomes displayed
⚠️ When I click on the element "signOutBtn"
⚠️ Then I expect that element "confirmBtn" becomes displayed
⚠️ And I click on the element "confirmBtn"
⚠️ Then I expect that element "signInWithGithubBtn" becomes displayed
⚠️ When I click on the button "signInWithGithubBtn"
⚠️ And I pause for 2000ms
⚠️ And I clear the inputfield "loginInput"
⚠️ When I add "qateam+automationacme@semasoftware.com" to the inputfield "loginInput"
⚠️ And I clear the inputfield "passwordInput"
⚠️ And I add "Automation3Tester4#" to the inputfield "passwordInput"
⚠️ And I click on the button "signinBtn"
⚠️ Then I expect that element "snippetsTab" becomes displayed
⚠️ When I click on the element "snippetsTab"
⚠️ And I search created collection "searchCollectionInput"
⚠️ Then I expect that new item "allCollectionsNames" is added to collections

]]></system-out>
      <system-err><![CDATA[
Error: element ("//input[@name='name']") still not displayed after 10000ms
    at /Users/zicury/Documents/SEMA/phoenix/web/e2e-tests/node_modules/webdriverio/build/commands/browser/waitUntil.js:66:23
    at Element.wrapCommandFn (/Users/zicury/Documents/SEMA/phoenix/web/e2e-tests/node_modules/@wdio/utils/build/shim.js:106:29)
    at Element.elementErrorHandlerCallbackFn (/Users/zicury/Documents/SEMA/phoenix/web/e2e-tests/node_modules/webdriverio/build/middlewares.js:24:32)
    at Element.wrapCommandFn (/Users/zicury/Documents/SEMA/phoenix/web/e2e-tests/node_modules/@wdio/utils/build/shim.js:106:29)
    at Element.wrapCommandFn (/Users/zicury/Documents/SEMA/phoenix/web/e2e-tests/node_modules/@wdio/utils/build/shim.js:106:29)
    at Element.elementErrorHandlerCallbackFn (/Users/zicury/Documents/SEMA/phoenix/web/e2e-tests/node_modules/webdriverio/build/middlewares.js:24:32)
    at Element.wrapCommandFn (/Users/zicury/Documents/SEMA/phoenix/web/e2e-tests/node_modules/@wdio/utils/build/shim.js:106:29)
    at World.exports.default (/Users/zicury/Documents/SEMA/phoenix/web/e2e-tests/src/support/action/waitForDisplayed.ts:26:5)
]]></system-err>
    </testcase>
    <testcase classname="CucumberJUnitReport-chrome.98_0_4758_109.darwin.User is able to interact with snippets properly" name="Populate this collection to all users checkbox is not marked" time="11.291" file="./src/features/smoke_test/snippets.feature">
      <failure message="Error: element (&quot;//input[@name='name']&quot;) still not displayed after 10000ms"><![CDATA[Error: element ("//input[@name='name']") still not displayed after 10000ms
    at /Users/zicury/Documents/SEMA/phoenix/web/e2e-tests/node_modules/webdriverio/build/commands/browser/waitUntil.js:66:23
    at Element.wrapCommandFn (/Users/zicury/Documents/SEMA/phoenix/web/e2e-tests/node_modules/@wdio/utils/build/shim.js:106:29)
    at Element.elementErrorHandlerCallbackFn (/Users/zicury/Documents/SEMA/phoenix/web/e2e-tests/node_modules/webdriverio/build/middlewares.js:24:32)
    at Element.wrapCommandFn (/Users/zicury/Documents/SEMA/phoenix/web/e2e-tests/node_modules/@wdio/utils/build/shim.js:106:29)
    at Element.wrapCommandFn (/Users/zicury/Documents/SEMA/phoenix/web/e2e-tests/node_modules/@wdio/utils/build/shim.js:106:29)
    at Element.elementErrorHandlerCallbackFn (/Users/zicury/Documents/SEMA/phoenix/web/e2e-tests/node_modules/webdriverio/build/middlewares.js:24:32)
    at Element.wrapCommandFn (/Users/zicury/Documents/SEMA/phoenix/web/e2e-tests/node_modules/@wdio/utils/build/shim.js:106:29)
    at World.exports.default (/Users/zicury/Documents/SEMA/phoenix/web/e2e-tests/src/support/action/waitForDisplayed.ts:26:5)]]></failure>
      <error message="Error: element (&quot;//input[@name='name']&quot;) still not displayed after 10000ms"/>
      <system-out><![CDATA[
✅ When I click on the element "userLogo"✅ Then I expect that element "semaCorporateTeamLogo" becomes displayed✅ When I click on the element "semaCorporateTeamLogo"✅ When I click on the element "snippetsTab"✅ Then I expect that element "addNewCollectionBtn" becomes displayed✅ When I click on the element "addNewCollectionBtn"❗ Then I expect that element "newCollectionTitleInput" becomes displayed⚠️ When I set "Test Collection with unmarked" with timestamp to the inputfield "newCollectionTitleInput"
⚠️ And I click on the element "newCollectionLanguagesInput"
⚠️ And I set "java" to the inputfield "newCollectionLanguagesInput"
⚠️ Then I expect that element "firstOptionForLanguagesInput" becomes displayed
⚠️ And I press "Enter"
⚠️ Then I expect that element "newCollectionOtherLabelInput" becomes displayed
⚠️ When I click on the element "newCollectionOtherLabelInput"
⚠️ And I set "Syntax" to the inputfield "newCollectionOtherLabelInput"
⚠️ Then I expect that element "firstOptionForOtherLabelInput" becomes displayed
⚠️ When I press "Enter"
⚠️ And I set "test author name" to the inputfield "newCollectionAuthorInput"
⚠️ When I set "Source name test" to the inputfield "newCollectionSourceNameInput"
⚠️ And I set "https://testSource.com" to the inputfield "newCollectionSourceLinkInput"
⚠️ When I set "Body text test" to the inputfield "newCollectionDescriptionInput"
⚠️ And I expect that checkbox "newCollectionPopulateCheckBox" is checked
⚠️ When I click on the element "newCollectionPopulateCheckBox"
⚠️ Then I expect that checkbox "newCollectionPopulateCheckBox" is not checked
⚠️ Then I expect that element "saveNewCollectionBtn" becomes displayed
⚠️ When I click on the button "saveNewCollectionBtn"
⚠️ Then I expect that new item "allCollectionsNames" is added to collections
⚠️ When I click on the element "userLogo"
⚠️ Then I expect that element "signOutBtn" becomes displayed
⚠️ When I click on the element "signOutBtn"
⚠️ Then I expect that element "confirmBtn" becomes displayed
⚠️ And I click on the element "confirmBtn"
⚠️ Then I expect that element "signInWithGithubBtn" becomes displayed
⚠️ When I delete all cookies
⚠️ And I click on the button "signInWithGithubBtn"
⚠️ Then I expect that element "loginInput" becomes displayed
⚠️ When I clear the inputfield "loginInput"
⚠️ And I add "qateam+automationacme@semasoftware.com" to the inputfield "loginInput"
⚠️ And I clear the inputfield "passwordInput"
⚠️ And I add "Automation3Tester4#" to the inputfield "passwordInput"
⚠️ And I click on the button "signinBtn"
⚠️ Then I expect that element "snippetsTab" becomes displayed
⚠️ When I click on the element "snippetsTab"
⚠️ And I search created collection "searchCollectionInput"
⚠️ Then I expect that new item "allCollectionsNames" is not added to collections

]]></system-out>
      <system-err><![CDATA[
Error: element ("//input[@name='name']") still not displayed after 10000ms
    at /Users/zicury/Documents/SEMA/phoenix/web/e2e-tests/node_modules/webdriverio/build/commands/browser/waitUntil.js:66:23
    at Element.wrapCommandFn (/Users/zicury/Documents/SEMA/phoenix/web/e2e-tests/node_modules/@wdio/utils/build/shim.js:106:29)
    at Element.elementErrorHandlerCallbackFn (/Users/zicury/Documents/SEMA/phoenix/web/e2e-tests/node_modules/webdriverio/build/middlewares.js:24:32)
    at Element.wrapCommandFn (/Users/zicury/Documents/SEMA/phoenix/web/e2e-tests/node_modules/@wdio/utils/build/shim.js:106:29)
    at Element.wrapCommandFn (/Users/zicury/Documents/SEMA/phoenix/web/e2e-tests/node_modules/@wdio/utils/build/shim.js:106:29)
    at Element.elementErrorHandlerCallbackFn (/Users/zicury/Documents/SEMA/phoenix/web/e2e-tests/node_modules/webdriverio/build/middlewares.js:24:32)
    at Element.wrapCommandFn (/Users/zicury/Documents/SEMA/phoenix/web/e2e-tests/node_modules/@wdio/utils/build/shim.js:106:29)
    at World.exports.default (/Users/zicury/Documents/SEMA/phoenix/web/e2e-tests/src/support/action/waitForDisplayed.ts:26:5)
]]></system-err>
    </testcase>
    <testcase classname="CucumberJUnitReport-chrome.98_0_4758_109.darwin.User is able to interact with snippets properly" name="Snippet collection can be edited" time="11.803" file="./src/features/smoke_test/snippets.feature">
      <failure message="Error: element (&quot;//input[@name='name']&quot;) still not displayed after 10000ms"><![CDATA[Error: element ("//input[@name='name']") still not displayed after 10000ms
    at /Users/zicury/Documents/SEMA/phoenix/web/e2e-tests/node_modules/webdriverio/build/commands/browser/waitUntil.js:66:23
    at Element.wrapCommandFn (/Users/zicury/Documents/SEMA/phoenix/web/e2e-tests/node_modules/@wdio/utils/build/shim.js:106:29)
    at Element.elementErrorHandlerCallbackFn (/Users/zicury/Documents/SEMA/phoenix/web/e2e-tests/node_modules/webdriverio/build/middlewares.js:24:32)
    at Element.wrapCommandFn (/Users/zicury/Documents/SEMA/phoenix/web/e2e-tests/node_modules/@wdio/utils/build/shim.js:106:29)
    at Element.wrapCommandFn (/Users/zicury/Documents/SEMA/phoenix/web/e2e-tests/node_modules/@wdio/utils/build/shim.js:106:29)
    at Element.elementErrorHandlerCallbackFn (/Users/zicury/Documents/SEMA/phoenix/web/e2e-tests/node_modules/webdriverio/build/middlewares.js:24:32)
    at Element.wrapCommandFn (/Users/zicury/Documents/SEMA/phoenix/web/e2e-tests/node_modules/@wdio/utils/build/shim.js:106:29)
    at World.exports.default (/Users/zicury/Documents/SEMA/phoenix/web/e2e-tests/src/support/action/waitForDisplayed.ts:26:5)]]></failure>
      <error message="Error: element (&quot;//input[@name='name']&quot;) still not displayed after 10000ms"/>
      <system-out><![CDATA[
✅ When I click on the element "userLogo"✅ Then I expect that element "semaCorporateTeamLogo" becomes displayed✅ When I click on the element "semaCorporateTeamLogo"✅ Then I expect that element "snippetsTab" becomes displayed✅ When I click on the element "snippetsTab"✅ Then I expect that element "threeDotsCollectionBtn" becomes displayed✅ When I click on the "1st" element "threeDotsCollectionBtn"✅ Then I expect that element "editCollectionBtn" becomes displayed✅ When I click on the element "editCollectionBtn"❗ Then I expect that element "newCollectionTitleInput" becomes displayed⚠️ When I set "edited" with timestamp to the inputfield "newCollectionTitleInput"
⚠️ When I click on the element "newCollectionLanguagesInput"
⚠️ And I set "java" to the inputfield "newCollectionLanguagesInput"
⚠️ Then I expect that element "firstOptionForLanguagesInput" becomes displayed
⚠️ When I press "Enter"
⚠️ Then I expect that element "newCollectionOtherLabelInput" becomes displayed
⚠️ When I click on the element "newCollectionOtherLabelInput"
⚠️ And I set "Syntax" to the inputfield "newCollectionOtherLabelInput"
⚠️ Then I expect that element "firstOptionForOtherLabelInput" becomes displayed
⚠️ When I press "Enter"
⚠️ And I set "test author name" to the inputfield "newCollectionAuthorInput"
⚠️ And I set "Source name test" to the inputfield "newCollectionSourceNameInput"
⚠️ And I set "https://testSource.com" to the inputfield "newCollectionSourceLinkInput"
⚠️ When I set "Body text test" to the inputfield "newCollectionDescriptionInput"
⚠️ Then I expect that element "saveNewCollectionBtn" becomes displayed
⚠️ When I click on the button "saveNewCollectionBtn"
⚠️ Then I expect that new item "allCollectionsNames" is added to collections
]]></system-out>
      <system-err><![CDATA[
Error: element ("//input[@name='name']") still not displayed after 10000ms
    at /Users/zicury/Documents/SEMA/phoenix/web/e2e-tests/node_modules/webdriverio/build/commands/browser/waitUntil.js:66:23
    at Element.wrapCommandFn (/Users/zicury/Documents/SEMA/phoenix/web/e2e-tests/node_modules/@wdio/utils/build/shim.js:106:29)
    at Element.elementErrorHandlerCallbackFn (/Users/zicury/Documents/SEMA/phoenix/web/e2e-tests/node_modules/webdriverio/build/middlewares.js:24:32)
    at Element.wrapCommandFn (/Users/zicury/Documents/SEMA/phoenix/web/e2e-tests/node_modules/@wdio/utils/build/shim.js:106:29)
    at Element.wrapCommandFn (/Users/zicury/Documents/SEMA/phoenix/web/e2e-tests/node_modules/@wdio/utils/build/shim.js:106:29)
    at Element.elementErrorHandlerCallbackFn (/Users/zicury/Documents/SEMA/phoenix/web/e2e-tests/node_modules/webdriverio/build/middlewares.js:24:32)
    at Element.wrapCommandFn (/Users/zicury/Documents/SEMA/phoenix/web/e2e-tests/node_modules/@wdio/utils/build/shim.js:106:29)
    at World.exports.default (/Users/zicury/Documents/SEMA/phoenix/web/e2e-tests/src/support/action/waitForDisplayed.ts:26:5)
]]></system-err>
    </testcase>
  </testsuite>
</testsuites>